[debug] [2024-04-09T10:01:03.547Z] ----------------------------------------------------------------------
[debug] [2024-04-09T10:01:03.550Z] Command:       C:\Program Files\nodejs\node.exe C:\Users\Admin\AppData\Roaming\npm\node_modules\firebase-tools\lib\bin\firebase.js deploy
[debug] [2024-04-09T10:01:03.550Z] CLI Version:   13.7.1
[debug] [2024-04-09T10:01:03.551Z] Platform:      win32
[debug] [2024-04-09T10:01:03.551Z] Node Version:  v18.17.1
[debug] [2024-04-09T10:01:03.553Z] Time:          Tue Apr 09 2024 10:01:03 GMT+0000 (GMT)
[debug] [2024-04-09T10:01:03.553Z] ----------------------------------------------------------------------
[debug] 
[debug] [2024-04-09T10:01:03.670Z] > command requires scopes: ["email","openid","https://www.googleapis.com/auth/cloudplatformprojects.readonly","https://www.googleapis.com/auth/firebase","https://www.googleapis.com/auth/cloud-platform"]
[debug] [2024-04-09T10:01:03.670Z] > authorizing via signed-in user (abdkabirneami@gmail.com)
[debug] [2024-04-09T10:01:03.671Z] [iam] checking project system-employee-evaluation for permissions ["firebase.projects.get","firebasehosting.sites.update"]
[debug] [2024-04-09T10:01:03.674Z] >>> [apiv2][query] POST https://cloudresourcemanager.googleapis.com/v1/projects/system-employee-evaluation:testIamPermissions [none]
[debug] [2024-04-09T10:01:03.674Z] >>> [apiv2][(partial)header] POST https://cloudresourcemanager.googleapis.com/v1/projects/system-employee-evaluation:testIamPermissions x-goog-quota-user=projects/system-employee-evaluation
[debug] [2024-04-09T10:01:03.675Z] >>> [apiv2][body] POST https://cloudresourcemanager.googleapis.com/v1/projects/system-employee-evaluation:testIamPermissions {"permissions":["firebase.projects.get","firebasehosting.sites.update"]}
[debug] [2024-04-09T10:01:04.640Z] <<< [apiv2][status] POST https://cloudresourcemanager.googleapis.com/v1/projects/system-employee-evaluation:testIamPermissions 200
[debug] [2024-04-09T10:01:04.641Z] <<< [apiv2][body] POST https://cloudresourcemanager.googleapis.com/v1/projects/system-employee-evaluation:testIamPermissions {"permissions":["firebase.projects.get","firebasehosting.sites.update"]}
[debug] [2024-04-09T10:01:04.642Z] >>> [apiv2][query] GET https://firebase.googleapis.com/v1beta1/projects/system-employee-evaluation [none]
[debug] [2024-04-09T10:01:04.988Z] <<< [apiv2][status] GET https://firebase.googleapis.com/v1beta1/projects/system-employee-evaluation 200
[debug] [2024-04-09T10:01:04.988Z] <<< [apiv2][body] GET https://firebase.googleapis.com/v1beta1/projects/system-employee-evaluation {"projectId":"system-employee-evaluation","projectNumber":"773181922802","displayName":"system-employees-evaluation","name":"projects/system-employee-evaluation","resources":{"hostingSite":"system-employee-evaluation"},"state":"ACTIVE","etag":"1_6f34a8b7-937b-4a39-bb2f-4a04bd30fa22"}
[debug] [2024-04-09T10:01:12.391Z] defaultcredentials: writing to file C:\Users\Admin\AppData\Roaming\firebase\abdkabirneami_gmail_com_application_default_credentials.json
[debug] [2024-04-09T10:01:12.395Z] >>> [apiv2][query] GET https://firebasehosting.googleapis.com/v1beta1/projects/system-employee-evaluation/sites pageToken=&pageSize=10
[debug] [2024-04-09T10:01:13.603Z] <<< [apiv2][status] GET https://firebasehosting.googleapis.com/v1beta1/projects/system-employee-evaluation/sites 200
[debug] [2024-04-09T10:01:13.604Z] <<< [apiv2][body] GET https://firebasehosting.googleapis.com/v1beta1/projects/system-employee-evaluation/sites {"sites":[{"name":"projects/system-employee-evaluation/sites/system-employee-evaluation","defaultUrl":"https://system-employee-evaluation.web.app","appId":"1:773181922802:web:42116957b7d49e7eb49f6b","type":"DEFAULT_SITE"}]}
[debug] [2024-04-09T10:01:13.604Z] >>> [apiv2][query] GET https://firebase.googleapis.com/v1beta1/projects/-/webApps/1:773181922802:web:42116957b7d49e7eb49f6b/config [none]
[debug] [2024-04-09T10:01:14.547Z] <<< [apiv2][status] GET https://firebase.googleapis.com/v1beta1/projects/-/webApps/1:773181922802:web:42116957b7d49e7eb49f6b/config 200
[debug] [2024-04-09T10:01:14.547Z] <<< [apiv2][body] GET https://firebase.googleapis.com/v1beta1/projects/-/webApps/1:773181922802:web:42116957b7d49e7eb49f6b/config {"projectId":"system-employee-evaluation","appId":"1:773181922802:web:42116957b7d49e7eb49f6b","storageBucket":"system-employee-evaluation.appspot.com","apiKey":"AIzaSyAbv5f_PGzH59PfG6bRUPPA6l4eeRYUPmI","authDomain":"system-employee-evaluation.firebaseapp.com","messagingSenderId":"773181922802","measurementId":"G-K7BNNVJJTZ"}
[info] 
   Thank you for trying our early preview of Next.js support on Firebase Hosting.
   During the preview, support is best-effort and breaking changes can be expected. Proceed with caution.
   The integration is known to work with Next.js version 12 - 14.0. You may encounter errors.

   Documentation: https://firebase.google.com/docs/hosting/frameworks/nextjs
   File a bug: https://github.com/firebase/firebase-tools/issues/new?template=bug_report.md
   Submit a feature request: https://github.com/firebase/firebase-tools/issues/new?template=feature_request.md

   We'd love to learn from you. Express your interest in helping us shape the future of Firebase Hosting: https://goo.gle/41enW5X

[debug] [2024-04-09T10:01:29.223Z] >>> [apiv2][query] GET https://firebasehosting.googleapis.com/v1beta1/projects/system-employee-evaluation/sites/system-employee-evaluation [none]
[debug] [2024-04-09T10:01:30.188Z] <<< [apiv2][status] GET https://firebasehosting.googleapis.com/v1beta1/projects/system-employee-evaluation/sites/system-employee-evaluation 200
[debug] [2024-04-09T10:01:30.188Z] <<< [apiv2][body] GET https://firebasehosting.googleapis.com/v1beta1/projects/system-employee-evaluation/sites/system-employee-evaluation {"name":"projects/system-employee-evaluation/sites/system-employee-evaluation","defaultUrl":"https://system-employee-evaluation.web.app","appId":"1:773181922802:web:42116957b7d49e7eb49f6b","type":"DEFAULT_SITE"}
[info]    ▲ Next.js 14.1.1

[info]    - Environments: .env.local

[info] 

[info]    Creating an optimized production build ...

[info]  ✓ Compiled successfully

[info]    Linting and checking validity of types ...

[info]    Collecting page data ...

[info]    Generating static pages (0/20) ...

[info]    Generating static pages (5/20) 

[info] {}

[info] TypeError: Cannot read properties of undefined (reading 'clientModules')
    at C:\Users\Admin\Desktop\projet stage\system-employee-evaluation\node_modules\next\dist\compiled\next-server\app-page.runtime.prod.js:12:199008
    at rU (C:\Users\Admin\Desktop\projet stage\system-employee-evaluation\node_modules\next\dist\compiled\next-server\app-page.runtime.prod.js:16:14984)
    at nM (C:\Users\Admin\Desktop\projet stage\system-employee-evaluation\node_modules\next\dist\compiled\next-server\app-page.runtime.prod.js:12:47419)
    at nL (C:\Users\Admin\Desktop\projet stage\system-employee-evaluation\node_modules\next\dist\compiled\next-server\app-page.runtime.prod.js:12:64674)
    at nM (C:\Users\Admin\Desktop\projet stage\system-employee-evaluation\node_modules\next\dist\compiled\next-server\app-page.runtime.prod.js:12:61233)
    at nL (C:\Users\Admin\Desktop\projet stage\system-employee-evaluation\node_modules\next\dist\compiled\next-server\app-page.runtime.prod.js:12:64674)
    at nI (C:\Users\Admin\Desktop\projet stage\system-employee-evaluation\node_modules\next\dist\compiled\next-server\app-page.runtime.prod.js:12:46806)
    at nM (C:\Users\Admin\Desktop\projet stage\system-employee-evaluation\node_modules\next\dist\compiled\next-server\app-page.runtime.prod.js:12:47570)
    at nL (C:\Users\Admin\Desktop\projet stage\system-employee-evaluation\node_modules\next\dist\compiled\next-server\app-page.runtime.prod.js:12:64674)
    at nM (C:\Users\Admin\Desktop\projet stage\system-employee-evaluation\node_modules\next\dist\compiled\next-server\app-page.runtime.prod.js:12:61233)

[info] TypeError: Cannot read properties of undefined (reading 'clientModules')
    at C:\Users\Admin\Desktop\projet stage\system-employee-evaluation\node_modules\next\dist\compiled\next-server\app-page.runtime.prod.js:12:199008
    at rU (C:\Users\Admin\Desktop\projet stage\system-employee-evaluation\node_modules\next\dist\compiled\next-server\app-page.runtime.prod.js:16:14984)
    at nM (C:\Users\Admin\Desktop\projet stage\system-employee-evaluation\node_modules\next\dist\compiled\next-server\app-page.runtime.prod.js:12:47419)
    at nL (C:\Users\Admin\Desktop\projet stage\system-employee-evaluation\node_modules\next\dist\compiled\next-server\app-page.runtime.prod.js:12:64674)
    at nG (C:\Users\Admin\Desktop\projet stage\system-employee-evaluation\node_modules\next\dist\compiled\next-server\app-page.runtime.prod.js:12:72265)
    at AsyncLocalStorage.run (node:async_hooks:338:14)
    at Timeout._onTimeout (C:\Users\Admin\Desktop\projet stage\system-employee-evaluation\node_modules\next\dist\compiled\next-server\app-page.runtime.prod.js:12:88128)
    at listOnTimeout (node:internal/timers:569:17)
    at process.processTimers (node:internal/timers:512:7)

Error occurred prerendering page "/". Read more: https://nextjs.org/docs/messages/prerender-error

TypeError: Cannot read properties of undefined (reading 'clientModules')
    at C:\Users\Admin\Desktop\projet stage\system-employee-evaluation\node_modules\next\dist\compiled\next-server\app-page.runtime.prod.js:12:199008
    at rU (C:\Users\Admin\Desktop\projet stage\system-employee-evaluation\node_modules\next\dist\compiled\next-server\app-page.runtime.prod.js:16:14984)
    at nM (C:\Users\Admin\Desktop\projet stage\system-employee-evaluation\node_modules\next\dist\compiled\next-server\app-page.runtime.prod.js:12:47419)
    at nL (C:\Users\Admin\Desktop\projet stage\system-employee-evaluation\node_modules\next\dist\compiled\next-server\app-page.runtime.prod.js:12:64674)
    at nG (C:\Users\Admin\Desktop\projet stage\system-employee-evaluation\node_modules\next\dist\compiled\next-server\app-page.runtime.prod.js:12:72265)
    at AsyncLocalStorage.run (node:async_hooks:338:14)
    at Timeout._onTimeout (C:\Users\Admin\Desktop\projet stage\system-employee-evaluation\node_modules\next\dist\compiled\next-server\app-page.runtime.prod.js:12:88128)
    at listOnTimeout (node:internal/timers:569:17)
    at process.processTimers (node:internal/timers:512:7)

[info]    Generating static pages (10/20) 

[info]    Generating static pages (15/20) 

[info] {}

[info]  ✓ Generating static pages (20/20) 

[info] 

[info] > Export encountered errors on following paths:
	/(auth)/page: /

[debug] [2024-04-09T10:02:19.939Z] Error: ENOENT: no such file or directory, open 'C:\Users\Admin\Desktop\projet stage\system-employee-evaluation\.next\export-marker.json'
[error] 
[error] Error: An unexpected error has occurred.
[debug] [2024-04-09T10:07:13.728Z] ----------------------------------------------------------------------
[debug] [2024-04-09T10:07:13.731Z] Command:       C:\Program Files\nodejs\node.exe C:\Users\Admin\AppData\Roaming\npm\node_modules\firebase-tools\lib\bin\firebase.js deploy
[debug] [2024-04-09T10:07:13.732Z] CLI Version:   13.7.1
[debug] [2024-04-09T10:07:13.732Z] Platform:      win32
[debug] [2024-04-09T10:07:13.733Z] Node Version:  v18.17.1
[debug] [2024-04-09T10:07:13.735Z] Time:          Tue Apr 09 2024 10:07:13 GMT+0000 (GMT)
[debug] [2024-04-09T10:07:13.735Z] ----------------------------------------------------------------------
[debug] 
[debug] [2024-04-09T10:07:13.847Z] > command requires scopes: ["email","openid","https://www.googleapis.com/auth/cloudplatformprojects.readonly","https://www.googleapis.com/auth/firebase","https://www.googleapis.com/auth/cloud-platform"]
[debug] [2024-04-09T10:07:13.848Z] > authorizing via signed-in user (abdkabirneami@gmail.com)
[debug] [2024-04-09T10:07:13.848Z] [iam] checking project system-employee-evaluation for permissions ["firebase.projects.get","firebasehosting.sites.update"]
[debug] [2024-04-09T10:07:13.851Z] >>> [apiv2][query] POST https://cloudresourcemanager.googleapis.com/v1/projects/system-employee-evaluation:testIamPermissions [none]
[debug] [2024-04-09T10:07:13.852Z] >>> [apiv2][(partial)header] POST https://cloudresourcemanager.googleapis.com/v1/projects/system-employee-evaluation:testIamPermissions x-goog-quota-user=projects/system-employee-evaluation
[debug] [2024-04-09T10:07:13.852Z] >>> [apiv2][body] POST https://cloudresourcemanager.googleapis.com/v1/projects/system-employee-evaluation:testIamPermissions {"permissions":["firebase.projects.get","firebasehosting.sites.update"]}
[debug] [2024-04-09T10:07:14.844Z] <<< [apiv2][status] POST https://cloudresourcemanager.googleapis.com/v1/projects/system-employee-evaluation:testIamPermissions 200
[debug] [2024-04-09T10:07:14.845Z] <<< [apiv2][body] POST https://cloudresourcemanager.googleapis.com/v1/projects/system-employee-evaluation:testIamPermissions {"permissions":["firebase.projects.get","firebasehosting.sites.update"]}
[debug] [2024-04-09T10:07:14.846Z] >>> [apiv2][query] GET https://firebase.googleapis.com/v1beta1/projects/system-employee-evaluation [none]
[debug] [2024-04-09T10:07:15.280Z] <<< [apiv2][status] GET https://firebase.googleapis.com/v1beta1/projects/system-employee-evaluation 200
[debug] [2024-04-09T10:07:15.281Z] <<< [apiv2][body] GET https://firebase.googleapis.com/v1beta1/projects/system-employee-evaluation {"projectId":"system-employee-evaluation","projectNumber":"773181922802","displayName":"system-employees-evaluation","name":"projects/system-employee-evaluation","resources":{"hostingSite":"system-employee-evaluation"},"state":"ACTIVE","etag":"1_6f34a8b7-937b-4a39-bb2f-4a04bd30fa22"}
[debug] [2024-04-09T10:07:22.455Z] defaultcredentials: writing to file C:\Users\Admin\AppData\Roaming\firebase\abdkabirneami_gmail_com_application_default_credentials.json
[debug] [2024-04-09T10:07:22.458Z] >>> [apiv2][query] GET https://firebasehosting.googleapis.com/v1beta1/projects/system-employee-evaluation/sites pageToken=&pageSize=10
[debug] [2024-04-09T10:07:23.927Z] <<< [apiv2][status] GET https://firebasehosting.googleapis.com/v1beta1/projects/system-employee-evaluation/sites 200
[debug] [2024-04-09T10:07:23.927Z] <<< [apiv2][body] GET https://firebasehosting.googleapis.com/v1beta1/projects/system-employee-evaluation/sites {"sites":[{"name":"projects/system-employee-evaluation/sites/system-employee-evaluation","defaultUrl":"https://system-employee-evaluation.web.app","appId":"1:773181922802:web:42116957b7d49e7eb49f6b","type":"DEFAULT_SITE"}]}
[debug] [2024-04-09T10:07:23.928Z] >>> [apiv2][query] GET https://firebase.googleapis.com/v1beta1/projects/-/webApps/1:773181922802:web:42116957b7d49e7eb49f6b/config [none]
[debug] [2024-04-09T10:07:24.873Z] <<< [apiv2][status] GET https://firebase.googleapis.com/v1beta1/projects/-/webApps/1:773181922802:web:42116957b7d49e7eb49f6b/config 200
[debug] [2024-04-09T10:07:24.874Z] <<< [apiv2][body] GET https://firebase.googleapis.com/v1beta1/projects/-/webApps/1:773181922802:web:42116957b7d49e7eb49f6b/config {"projectId":"system-employee-evaluation","appId":"1:773181922802:web:42116957b7d49e7eb49f6b","storageBucket":"system-employee-evaluation.appspot.com","apiKey":"AIzaSyAbv5f_PGzH59PfG6bRUPPA6l4eeRYUPmI","authDomain":"system-employee-evaluation.firebaseapp.com","messagingSenderId":"773181922802","measurementId":"G-K7BNNVJJTZ"}
[info] 
   Thank you for trying our early preview of Next.js support on Firebase Hosting.
   During the preview, support is best-effort and breaking changes can be expected. Proceed with caution.
   The integration is known to work with Next.js version 12 - 14.0. You may encounter errors.

   Documentation: https://firebase.google.com/docs/hosting/frameworks/nextjs
   File a bug: https://github.com/firebase/firebase-tools/issues/new?template=bug_report.md
   Submit a feature request: https://github.com/firebase/firebase-tools/issues/new?template=feature_request.md

   We'd love to learn from you. Express your interest in helping us shape the future of Firebase Hosting: https://goo.gle/41enW5X

[debug] [2024-04-09T10:07:41.365Z] >>> [apiv2][query] GET https://firebasehosting.googleapis.com/v1beta1/projects/system-employee-evaluation/sites/system-employee-evaluation [none]
[debug] [2024-04-09T10:07:42.275Z] <<< [apiv2][status] GET https://firebasehosting.googleapis.com/v1beta1/projects/system-employee-evaluation/sites/system-employee-evaluation 200
[debug] [2024-04-09T10:07:42.276Z] <<< [apiv2][body] GET https://firebasehosting.googleapis.com/v1beta1/projects/system-employee-evaluation/sites/system-employee-evaluation {"name":"projects/system-employee-evaluation/sites/system-employee-evaluation","defaultUrl":"https://system-employee-evaluation.web.app","appId":"1:773181922802:web:42116957b7d49e7eb49f6b","type":"DEFAULT_SITE"}
[info]    ▲ Next.js 14.1.1

[info]    - Environments: .env.local

[info] 

[info]    Creating an optimized production build ...

[info] Compiler server unexpectedly exited with code: null and signal: SIGTERM

[info]  ✓ Compiled successfully

[info]    Linting and checking validity of types ...

[info]    Collecting page data ...

[info]    Generating static pages (0/19) ...

[info] {}

[info]    Generating static pages (4/19) 

[info]    Generating static pages (9/19) 

[info] {}

[info]    Generating static pages (14/19) 

[info] TypeError: Cannot read properties of undefined (reading 'clientModules')
    at C:\Users\Admin\Desktop\projet stage\system-employee-evaluation\node_modules\next\dist\compiled\next-server\app-page.runtime.prod.js:12:199008
    at rU (C:\Users\Admin\Desktop\projet stage\system-employee-evaluation\node_modules\next\dist\compiled\next-server\app-page.runtime.prod.js:16:14984)
    at nM (C:\Users\Admin\Desktop\projet stage\system-employee-evaluation\node_modules\next\dist\compiled\next-server\app-page.runtime.prod.js:12:47419)
    at nL (C:\Users\Admin\Desktop\projet stage\system-employee-evaluation\node_modules\next\dist\compiled\next-server\app-page.runtime.prod.js:12:64674)
    at nM (C:\Users\Admin\Desktop\projet stage\system-employee-evaluation\node_modules\next\dist\compiled\next-server\app-page.runtime.prod.js:12:61233)
    at nL (C:\Users\Admin\Desktop\projet stage\system-employee-evaluation\node_modules\next\dist\compiled\next-server\app-page.runtime.prod.js:12:64674)
    at nI (C:\Users\Admin\Desktop\projet stage\system-employee-evaluation\node_modules\next\dist\compiled\next-server\app-page.runtime.prod.js:12:46806)
    at nM (C:\Users\Admin\Desktop\projet stage\system-employee-evaluation\node_modules\next\dist\compiled\next-server\app-page.runtime.prod.js:12:47570)
    at nL (C:\Users\Admin\Desktop\projet stage\system-employee-evaluation\node_modules\next\dist\compiled\next-server\app-page.runtime.prod.js:12:64674)
    at nM (C:\Users\Admin\Desktop\projet stage\system-employee-evaluation\node_modules\next\dist\compiled\next-server\app-page.runtime.prod.js:12:61233)
TypeError: Cannot read properties of undefined (reading 'clientModules')
    at C:\Users\Admin\Desktop\projet stage\system-employee-evaluation\node_modules\next\dist\compiled\next-server\app-page.runtime.prod.js:12:199008
    at rU (C:\Users\Admin\Desktop\projet stage\system-employee-evaluation\node_modules\next\dist\compiled\next-server\app-page.runtime.prod.js:16:14984)
    at nM (C:\Users\Admin\Desktop\projet stage\system-employee-evaluation\node_modules\next\dist\compiled\next-server\app-page.runtime.prod.js:12:47419)
    at nL (C:\Users\Admin\Desktop\projet stage\system-employee-evaluation\node_modules\next\dist\compiled\next-server\app-page.runtime.prod.js:12:64674)
    at nG (C:\Users\Admin\Desktop\projet stage\system-employee-evaluation\node_modules\next\dist\compiled\next-server\app-page.runtime.prod.js:12:72265)
    at AsyncLocalStorage.run (node:async_hooks:338:14)
    at Timeout._onTimeout (C:\Users\Admin\Desktop\projet stage\system-employee-evaluation\node_modules\next\dist\compiled\next-server\app-page.runtime.prod.js:12:88128)
    at listOnTimeout (node:internal/timers:569:17)
    at process.processTimers (node:internal/timers:512:7)

Error occurred prerendering page "/". Read more: https://nextjs.org/docs/messages/prerender-error

TypeError: Cannot read properties of undefined (reading 'clientModules')
    at C:\Users\Admin\Desktop\projet stage\system-employee-evaluation\node_modules\next\dist\compiled\next-server\app-page.runtime.prod.js:12:199008
    at rU (C:\Users\Admin\Desktop\projet stage\system-employee-evaluation\node_modules\next\dist\compiled\next-server\app-page.runtime.prod.js:16:14984)
    at nM (C:\Users\Admin\Desktop\projet stage\system-employee-evaluation\node_modules\next\dist\compiled\next-server\app-page.runtime.prod.js:12:47419)
    at nL (C:\Users\Admin\Desktop\projet stage\system-employee-evaluation\node_modules\next\dist\compiled\next-server\app-page.runtime.prod.js:12:64674)
    at nG (C:\Users\Admin\Desktop\projet stage\system-employee-evaluation\node_modules\next\dist\compiled\next-server\app-page.runtime.prod.js:12:72265)
    at AsyncLocalStorage.run (node:async_hooks:338:14)
    at Timeout._onTimeout (C:\Users\Admin\Desktop\projet stage\system-employee-evaluation\node_modules\next\dist\compiled\next-server\app-page.runtime.prod.js:12:88128)
    at listOnTimeout (node:internal/timers:569:17)
    at process.processTimers (node:internal/timers:512:7)

[info]  ✓ Generating static pages (19/19) 

[info] 

[info] > Export encountered errors on following paths:
	/(auth)/page: /

[debug] [2024-04-09T10:08:22.960Z] Error: ENOENT: no such file or directory, open 'C:\Users\Admin\Desktop\projet stage\system-employee-evaluation\.next\export-marker.json'
[error] 
[error] Error: An unexpected error has occurred.
[debug] [2024-04-10T19:52:02.254Z] ----------------------------------------------------------------------
[debug] [2024-04-10T19:52:02.258Z] Command:       C:\Program Files\nodejs\node.exe C:\Users\Admin\AppData\Roaming\npm\node_modules\firebase-tools\lib\bin\firebase.js deploy
[debug] [2024-04-10T19:52:02.260Z] CLI Version:   13.7.1
[debug] [2024-04-10T19:52:02.260Z] Platform:      win32
[debug] [2024-04-10T19:52:02.261Z] Node Version:  v18.17.1
[debug] [2024-04-10T19:52:02.278Z] Time:          Wed Apr 10 2024 19:52:02 GMT+0000 (GMT)
[debug] [2024-04-10T19:52:02.279Z] ----------------------------------------------------------------------
[debug] 
[debug] [2024-04-10T19:52:02.284Z] >>> [apiv2][query] GET https://firebase-public.firebaseio.com/cli.json [none]
[debug] [2024-04-10T19:52:02.597Z] > command requires scopes: ["email","openid","https://www.googleapis.com/auth/cloudplatformprojects.readonly","https://www.googleapis.com/auth/firebase","https://www.googleapis.com/auth/cloud-platform"]
[debug] [2024-04-10T19:52:02.598Z] > authorizing via signed-in user (abdkabirneami@gmail.com)
[debug] [2024-04-10T19:52:02.598Z] [iam] checking project system-employee-evaluation for permissions ["firebase.projects.get","firebasehosting.sites.update"]
[debug] [2024-04-10T19:52:02.600Z] > refreshing access token with scopes: []
[debug] [2024-04-10T19:52:02.603Z] >>> [apiv2][query] POST https://www.googleapis.com/oauth2/v3/token [none]
[debug] [2024-04-10T19:52:02.603Z] >>> [apiv2][body] POST https://www.googleapis.com/oauth2/v3/token [omitted]
[debug] [2024-04-10T19:52:05.463Z] <<< [apiv2][status] POST https://www.googleapis.com/oauth2/v3/token 200
[debug] [2024-04-10T19:52:05.463Z] <<< [apiv2][body] POST https://www.googleapis.com/oauth2/v3/token [omitted]
[debug] [2024-04-10T19:52:05.491Z] >>> [apiv2][query] POST https://cloudresourcemanager.googleapis.com/v1/projects/system-employee-evaluation:testIamPermissions [none]
[debug] [2024-04-10T19:52:05.491Z] >>> [apiv2][(partial)header] POST https://cloudresourcemanager.googleapis.com/v1/projects/system-employee-evaluation:testIamPermissions x-goog-quota-user=projects/system-employee-evaluation
[debug] [2024-04-10T19:52:05.491Z] >>> [apiv2][body] POST https://cloudresourcemanager.googleapis.com/v1/projects/system-employee-evaluation:testIamPermissions {"permissions":["firebase.projects.get","firebasehosting.sites.update"]}
[debug] [2024-04-10T19:52:07.851Z] <<< [apiv2][status] POST https://cloudresourcemanager.googleapis.com/v1/projects/system-employee-evaluation:testIamPermissions 200
[debug] [2024-04-10T19:52:07.852Z] <<< [apiv2][body] POST https://cloudresourcemanager.googleapis.com/v1/projects/system-employee-evaluation:testIamPermissions {"permissions":["firebase.projects.get","firebasehosting.sites.update"]}
[debug] [2024-04-10T19:52:07.853Z] >>> [apiv2][query] GET https://firebase.googleapis.com/v1beta1/projects/system-employee-evaluation [none]
[debug] [2024-04-10T19:52:11.014Z] <<< [apiv2][status] GET https://firebase.googleapis.com/v1beta1/projects/system-employee-evaluation 200
[debug] [2024-04-10T19:52:11.014Z] <<< [apiv2][body] GET https://firebase.googleapis.com/v1beta1/projects/system-employee-evaluation {"projectId":"system-employee-evaluation","projectNumber":"773181922802","displayName":"system-employees-evaluation","name":"projects/system-employee-evaluation","resources":{"hostingSite":"system-employee-evaluation"},"state":"ACTIVE","etag":"1_6f34a8b7-937b-4a39-bb2f-4a04bd30fa22"}
[debug] [2024-04-10T19:52:20.234Z] defaultcredentials: writing to file C:\Users\Admin\AppData\Roaming\firebase\abdkabirneami_gmail_com_application_default_credentials.json
[debug] [2024-04-10T19:52:20.238Z] <<< [apiv2][status] GET https://firebase-public.firebaseio.com/cli.json 200
[debug] [2024-04-10T19:52:20.238Z] <<< [apiv2][body] GET https://firebase-public.firebaseio.com/cli.json {"cloudBuildErrorAfter":1594252800000,"cloudBuildWarnAfter":1590019200000,"defaultNode10After":1594252800000,"minVersion":"3.0.5","node8DeploysDisabledAfter":1613390400000,"node8RuntimeDisabledAfter":1615809600000,"node8WarnAfter":1600128000000}
[debug] [2024-04-10T19:52:20.291Z] >>> [apiv2][query] GET https://firebasehosting.googleapis.com/v1beta1/projects/system-employee-evaluation/sites pageToken=&pageSize=10
[debug] [2024-04-10T19:52:23.523Z] <<< [apiv2][status] GET https://firebasehosting.googleapis.com/v1beta1/projects/system-employee-evaluation/sites 200
[debug] [2024-04-10T19:52:23.524Z] <<< [apiv2][body] GET https://firebasehosting.googleapis.com/v1beta1/projects/system-employee-evaluation/sites {"sites":[{"name":"projects/system-employee-evaluation/sites/system-employee-evaluation","defaultUrl":"https://system-employee-evaluation.web.app","appId":"1:773181922802:web:42116957b7d49e7eb49f6b","type":"DEFAULT_SITE"}]}
[debug] [2024-04-10T19:52:23.525Z] >>> [apiv2][query] GET https://firebase.googleapis.com/v1beta1/projects/-/webApps/1:773181922802:web:42116957b7d49e7eb49f6b/config [none]
[debug] [2024-04-10T19:52:25.369Z] <<< [apiv2][status] GET https://firebase.googleapis.com/v1beta1/projects/-/webApps/1:773181922802:web:42116957b7d49e7eb49f6b/config 200
[debug] [2024-04-10T19:52:25.369Z] <<< [apiv2][body] GET https://firebase.googleapis.com/v1beta1/projects/-/webApps/1:773181922802:web:42116957b7d49e7eb49f6b/config {"projectId":"system-employee-evaluation","appId":"1:773181922802:web:42116957b7d49e7eb49f6b","storageBucket":"system-employee-evaluation.appspot.com","apiKey":"AIzaSyAbv5f_PGzH59PfG6bRUPPA6l4eeRYUPmI","authDomain":"system-employee-evaluation.firebaseapp.com","messagingSenderId":"773181922802","measurementId":"G-K7BNNVJJTZ"}
[info] 
   Thank you for trying our early preview of Next.js support on Firebase Hosting.
   During the preview, support is best-effort and breaking changes can be expected. Proceed with caution.
   The integration is known to work with Next.js version 12 - 14.0. You may encounter errors.

   Documentation: https://firebase.google.com/docs/hosting/frameworks/nextjs
   File a bug: https://github.com/firebase/firebase-tools/issues/new?template=bug_report.md
   Submit a feature request: https://github.com/firebase/firebase-tools/issues/new?template=feature_request.md

   We'd love to learn from you. Express your interest in helping us shape the future of Firebase Hosting: https://goo.gle/41enW5X

[debug] [2024-04-10T19:52:42.458Z] >>> [apiv2][query] GET https://firebasehosting.googleapis.com/v1beta1/projects/system-employee-evaluation/sites/system-employee-evaluation [none]
[debug] [2024-04-10T19:52:43.753Z] <<< [apiv2][status] GET https://firebasehosting.googleapis.com/v1beta1/projects/system-employee-evaluation/sites/system-employee-evaluation 200
[debug] [2024-04-10T19:52:43.754Z] <<< [apiv2][body] GET https://firebasehosting.googleapis.com/v1beta1/projects/system-employee-evaluation/sites/system-employee-evaluation {"name":"projects/system-employee-evaluation/sites/system-employee-evaluation","defaultUrl":"https://system-employee-evaluation.web.app","appId":"1:773181922802:web:42116957b7d49e7eb49f6b","type":"DEFAULT_SITE"}
[info]    ▲ Next.js 14.1.1

[info]    - Environments: .env.local

[info] 

[info]    Creating an optimized production build ...

[info]  ✓ Compiled successfully

[info]    Linting and checking validity of types ...

[info]    Collecting page data ...

[info]    Generating static pages (0/19) ...

[info]    Generating static pages (4/19) 

[info] {}

[info]    Generating static pages (9/19) 

[info] {}

[info]    Generating static pages (14/19) 

[info] TypeError: Cannot read properties of undefined (reading 'clientModules')
    at C:\Users\Admin\Desktop\projet stage\system-employee-evaluation\node_modules\next\dist\compiled\next-server\app-page.runtime.prod.js:12:199008
    at rU (C:\Users\Admin\Desktop\projet stage\system-employee-evaluation\node_modules\next\dist\compiled\next-server\app-page.runtime.prod.js:16:14984)
    at nM (C:\Users\Admin\Desktop\projet stage\system-employee-evaluation\node_modules\next\dist\compiled\next-server\app-page.runtime.prod.js:12:47419)
    at nL (C:\Users\Admin\Desktop\projet stage\system-employee-evaluation\node_modules\next\dist\compiled\next-server\app-page.runtime.prod.js:12:64674)
    at nM (C:\Users\Admin\Desktop\projet stage\system-employee-evaluation\node_modules\next\dist\compiled\next-server\app-page.runtime.prod.js:12:61233)
    at nL (C:\Users\Admin\Desktop\projet stage\system-employee-evaluation\node_modules\next\dist\compiled\next-server\app-page.runtime.prod.js:12:64674)
    at nI (C:\Users\Admin\Desktop\projet stage\system-employee-evaluation\node_modules\next\dist\compiled\next-server\app-page.runtime.prod.js:12:46806)
    at nM (C:\Users\Admin\Desktop\projet stage\system-employee-evaluation\node_modules\next\dist\compiled\next-server\app-page.runtime.prod.js:12:47570)
    at nL (C:\Users\Admin\Desktop\projet stage\system-employee-evaluation\node_modules\next\dist\compiled\next-server\app-page.runtime.prod.js:12:64674)
    at nM (C:\Users\Admin\Desktop\projet stage\system-employee-evaluation\node_modules\next\dist\compiled\next-server\app-page.runtime.prod.js:12:61233)
TypeError: Cannot read properties of undefined (reading 'clientModules')
    at C:\Users\Admin\Desktop\projet stage\system-employee-evaluation\node_modules\next\dist\compiled\next-server\app-page.runtime.prod.js:12:199008
    at rU (C:\Users\Admin\Desktop\projet stage\system-employee-evaluation\node_modules\next\dist\compiled\next-server\app-page.runtime.prod.js:16:14984)
    at nM (C:\Users\Admin\Desktop\projet stage\system-employee-evaluation\node_modules\next\dist\compiled\next-server\app-page.runtime.prod.js:12:47419)
    at nL (C:\Users\Admin\Desktop\projet stage\system-employee-evaluation\node_modules\next\dist\compiled\next-server\app-page.runtime.prod.js:12:64674)
    at nG (C:\Users\Admin\Desktop\projet stage\system-employee-evaluation\node_modules\next\dist\compiled\next-server\app-page.runtime.prod.js:12:72265)
    at AsyncLocalStorage.run (node:async_hooks:338:14)
    at Timeout._onTimeout (C:\Users\Admin\Desktop\projet stage\system-employee-evaluation\node_modules\next\dist\compiled\next-server\app-page.runtime.prod.js:12:88128)
    at listOnTimeout (node:internal/timers:569:17)
    at process.processTimers (node:internal/timers:512:7)

Error occurred prerendering page "/". Read more: https://nextjs.org/docs/messages/prerender-error

TypeError: Cannot read properties of undefined (reading 'clientModules')
    at C:\Users\Admin\Desktop\projet stage\system-employee-evaluation\node_modules\next\dist\compiled\next-server\app-page.runtime.prod.js:12:199008
    at rU (C:\Users\Admin\Desktop\projet stage\system-employee-evaluation\node_modules\next\dist\compiled\next-server\app-page.runtime.prod.js:16:14984)
    at nM (C:\Users\Admin\Desktop\projet stage\system-employee-evaluation\node_modules\next\dist\compiled\next-server\app-page.runtime.prod.js:12:47419)
    at nL (C:\Users\Admin\Desktop\projet stage\system-employee-evaluation\node_modules\next\dist\compiled\next-server\app-page.runtime.prod.js:12:64674)
    at nG (C:\Users\Admin\Desktop\projet stage\system-employee-evaluation\node_modules\next\dist\compiled\next-server\app-page.runtime.prod.js:12:72265)
    at AsyncLocalStorage.run (node:async_hooks:338:14)
    at Timeout._onTimeout (C:\Users\Admin\Desktop\projet stage\system-employee-evaluation\node_modules\next\dist\compiled\next-server\app-page.runtime.prod.js:12:88128)
    at listOnTimeout (node:internal/timers:569:17)
    at process.processTimers (node:internal/timers:512:7)

[info]  ✓ Generating static pages (19/19) 

[info] 

[info] > Export encountered errors on following paths:
	/(auth)/page: /

[debug] [2024-04-10T19:53:29.859Z] Error: ENOENT: no such file or directory, open 'C:\Users\Admin\Desktop\projet stage\system-employee-evaluation\.next\export-marker.json'
[error] 
[error] Error: An unexpected error has occurred.
